#
# There is insufficient memory for the Java Runtime Environment to continue.
# Native memory allocation (malloc) failed to allocate 766608 bytes for Chunk::new
# Possible reasons:
#   The system is out of physical RAM or swap space
#   The process is running with CompressedOops enabled, and the Java Heap may be blocking the growth of the native heap
# Possible solutions:
#   Reduce memory load on the system
#   Increase physical memory or swap space
#   Check if swap backing store is full
#   Decrease Java heap size (-Xmx/-Xms)
#   Decrease number of Java threads
#   Decrease Java thread stack sizes (-Xss)
#   Set larger code cache with -XX:ReservedCodeCacheSize=
#   JVM is running with Unscaled Compressed Oops mode in which the Java heap is
#     placed in the first 4GB address space. The Java Heap base address is the
#     maximum limit for the native heap growth. Please use -XX:HeapBaseMinAddress
#     to set the Java Heap base and to place the Java Heap above 4GB virtual address.
# This output file may be truncated or incomplete.
#
#  Out of Memory Error (allocation.cpp:389), pid=9856, tid=0x0000000000001fa8
#
# JRE version: Java(TM) SE Runtime Environment (8.0_281-b09) (build 1.8.0_281-b09)
# Java VM: Java HotSpot(TM) 64-Bit Server VM (25.281-b09 mixed mode windows-amd64 compressed oops)
# Failed to write core dump. Minidumps are not enabled by default on client versions of Windows
#

---------------  T H R E A D  ---------------

Current thread (0x0000019de9bd4000):  JavaThread "C2 CompilerThread2" daemon [_thread_in_native, id=8104, stack(0x0000008f61400000,0x0000008f61500000)]

Stack: [0x0000008f61400000,0x0000008f61500000]
Native frames: (J=compiled Java code, j=interpreted, Vv=VM code, C=native code)
V  [jvm.dll+0x32e5b9]
V  [jvm.dll+0x275012]
V  [jvm.dll+0x275cbd]
V  [jvm.dll+0x26c6f5]
V  [jvm.dll+0xd51fc]
V  [jvm.dll+0xd59fc]
V  [jvm.dll+0x4b6777]
V  [jvm.dll+0x4b56de]
V  [jvm.dll+0x4401de]
V  [jvm.dll+0x43f795]
V  [jvm.dll+0x42a5e7]
V  [jvm.dll+0xabe9b]
V  [jvm.dll+0xaa4fb]
V  [jvm.dll+0x23d6b2]
V  [jvm.dll+0x291cbc]
C  [ucrtbase.dll+0x21bb2]
C  [KERNEL32.DLL+0x17034]
C  [ntdll.dll+0x52651]


Current CompileTask:
C2:   6899 2045       4       java.net.URLClassLoader$1::run (5 bytes)


---------------  P R O C E S S  ---------------

Java Threads: ( => current thread )
  0x0000019dee668000 JavaThread "ForkJoinPool.commonPool-worker-3" daemon [_thread_blocked, id=18380, stack(0x0000008f61b00000,0x0000008f61c00000)]
  0x0000019dee1c4800 JavaThread "ForkJoinPool.commonPool-worker-2" daemon [_thread_blocked, id=13276, stack(0x0000008f61a00000,0x0000008f61b00000)]
  0x0000019dee1c6800 JavaThread "ForkJoinPool.commonPool-worker-1" daemon [_thread_blocked, id=17576, stack(0x0000008f61900000,0x0000008f61a00000)]
  0x0000019ded538000 JavaThread "Forwarding newSession on session null to remote" [_thread_in_native, id=15896, stack(0x0000008f61800000,0x0000008f61900000)]
  0x0000019de9c1e000 JavaThread "Service Thread" daemon [_thread_blocked, id=15812, stack(0x0000008f61600000,0x0000008f61700000)]
  0x0000019de9bd8800 JavaThread "C1 CompilerThread3" daemon [_thread_blocked, id=10656, stack(0x0000008f61500000,0x0000008f61600000)]
=>0x0000019de9bd4000 JavaThread "C2 CompilerThread2" daemon [_thread_in_native, id=8104, stack(0x0000008f61400000,0x0000008f61500000)]
  0x0000019de9bc5800 JavaThread "C2 CompilerThread1" daemon [_thread_in_native, id=11468, stack(0x0000008f61300000,0x0000008f61400000)]
  0x0000019de9bbf800 JavaThread "C2 CompilerThread0" daemon [_thread_in_native, id=17780, stack(0x0000008f61200000,0x0000008f61300000)]
  0x0000019de9bbe800 JavaThread "Attach Listener" daemon [_thread_blocked, id=13004, stack(0x0000008f61100000,0x0000008f61200000)]
  0x0000019de9bbd000 JavaThread "Signal Dispatcher" daemon [_thread_blocked, id=3532, stack(0x0000008f61000000,0x0000008f61100000)]
  0x0000019de9b9a000 JavaThread "Finalizer" daemon [_thread_blocked, id=14984, stack(0x0000008f60f00000,0x0000008f61000000)]
  0x0000019de9b8b000 JavaThread "Reference Handler" daemon [_thread_blocked, id=16824, stack(0x0000008f60e00000,0x0000008f60f00000)]
  0x0000019dd3ba8000 JavaThread "main" [_thread_blocked, id=6544, stack(0x0000008f60400000,0x0000008f60500000)]

Other Threads:
  0x0000019de9b61000 VMThread [stack: 0x0000008f60d00000,0x0000008f60e00000] [id=12012]
  0x0000019debb45000 WatcherThread [stack: 0x0000008f61700000,0x0000008f61800000] [id=11312]

VM state:not at safepoint (normal execution)

VM Mutex/Monitor currently owned by a thread: None

heap address: 0x0000000084a00000, size: 1974 MB, Compressed Oops mode: 32-bit
Narrow klass base: 0x0000000000000000, Narrow klass shift: 3
Compressed class space size: 1073741824 Address: 0x0000000100000000

Heap:
 PSYoungGen      total 424448K, used 132395K [0x00000000d6e00000, 0x0000000100000000, 0x0000000100000000)
  eden space 383488K, 34% used [0x00000000d6e00000,0x00000000def4ac58,0x00000000ee480000)
  from space 40960K, 0% used [0x00000000ee480000,0x00000000ee480000,0x00000000f0c80000)
  to   space 55296K, 0% used [0x00000000fca00000,0x00000000fca00000,0x0000000100000000)
 ParOldGen       total 124416K, used 64699K [0x0000000084a00000, 0x000000008c380000, 0x00000000d6e00000)
  object space 124416K, 52% used [0x0000000084a00000,0x000000008892ece0,0x000000008c380000)
 Metaspace       used 21236K, capacity 21896K, committed 22144K, reserved 1069056K
  class space    used 2983K, capacity 3174K, committed 3200K, reserved 1048576K

Card table byte_map: [0x0000019de4910000,0x0000019de4cf0000] byte_map_base: 0x0000019de44eb000

Marking Bits: (ParMarkBitMap*) 0x0000000055be6ff0
 Begin Bits: [0x0000019de4f90000, 0x0000019de6e68000)
 End Bits:   [0x0000019de6e68000, 0x0000019de8d40000)

Polling page: 0x0000019dd3d00000

CodeCache: size=245760Kb used=7918Kb max_used=7931Kb free=237841Kb
 bounds [0x0000019dd5550000, 0x0000019dd5d20000, 0x0000019de4550000]
 total_blobs=2436 nmethods=2039 adapters=309
 compilation: enabled

Compilation events (10 events):
Event: 6.828 Thread 0x0000019de9bd8800 2139       3       com.google.common.collect.RegularImmutableMap::get (13 bytes)
Event: 6.828 Thread 0x0000019de9bd8800 nmethod 2139 0x0000019dd5d01ad0 code [0x0000019dd5d01c40, 0x0000019dd5d01df0]
Event: 6.828 Thread 0x0000019de9bd8800 2141       3       org.openqa.selenium.json.JsonOutput$$Lambda$104/678436046::accept (12 bytes)
Event: 6.828 Thread 0x0000019de9bd8800 nmethod 2141 0x0000019dd5d08f50 code [0x0000019dd5d090c0, 0x0000019dd5d09430]
Event: 6.828 Thread 0x0000019de9bd8800 2142       3       org.openqa.selenium.json.JsonOutput::lambda$asString$31 (36 bytes)
Event: 6.829 Thread 0x0000019de9bd8800 nmethod 2142 0x0000019dd5d0db50 code [0x0000019dd5d0ddc0, 0x0000019dd5d0ee10]
Event: 6.829 Thread 0x0000019de9bd8800 2143       1       java.util.stream.ReferencePipeline$StatelessOp::opIsStateful (2 bytes)
Event: 6.829 Thread 0x0000019de9bd8800 nmethod 2143 0x0000019dd5cffd50 code [0x0000019dd5cffea0, 0x0000019dd5cfffb8]
Event: 6.829 Thread 0x0000019de9bd8800 2144       1       com.google.common.collect.ImmutableMapEntry$NonTerminalImmutableMapEntry::getNextInKeyBucket (5 bytes)
Event: 6.829 Thread 0x0000019de9bd8800 nmethod 2144 0x0000019dd5d08c90 code [0x0000019dd5d08de0, 0x0000019dd5d08ef8]

GC Heap History (10 events):
Event: 1.770 GC heap before
{Heap before GC invocations=8 (full 0):
 PSYoungGen      total 137216K, used 137215K [0x00000000d6e00000, 0x00000000e8600000, 0x0000000100000000)
  eden space 124416K, 100% used [0x00000000d6e00000,0x00000000de780000,0x00000000de780000)
  from space 12800K, 99% used [0x00000000de780000,0x00000000df3ffef8,0x00000000df400000)
  to   space 18944K, 0% used [0x00000000e7380000,0x00000000e7380000,0x00000000e8600000)
 ParOldGen       total 84992K, used 21174K [0x0000000084a00000, 0x0000000089d00000, 0x00000000d6e00000)
  object space 84992K, 24% used [0x0000000084a00000,0x0000000085eadbc0,0x0000000089d00000)
 Metaspace       used 6795K, capacity 6922K, committed 7040K, reserved 1056768K
  class space    used 731K, capacity 795K, committed 896K, reserved 1048576K
Event: 1.782 GC heap after
Heap after GC invocations=8 (full 0):
 PSYoungGen      total 263680K, used 18935K [0x00000000d6e00000, 0x00000000e8e00000, 0x0000000100000000)
  eden space 244736K, 0% used [0x00000000d6e00000,0x00000000d6e00000,0x00000000e5d00000)
  from space 18944K, 99% used [0x00000000e7380000,0x00000000e85fdd20,0x00000000e8600000)
  to   space 23040K, 0% used [0x00000000e5d00000,0x00000000e5d00000,0x00000000e7380000)
 ParOldGen       total 84992K, used 23255K [0x0000000084a00000, 0x0000000089d00000, 0x00000000d6e00000)
  object space 84992K, 27% used [0x0000000084a00000,0x00000000860b5e48,0x0000000089d00000)
 Metaspace       used 6795K, capacity 6922K, committed 7040K, reserved 1056768K
  class space    used 731K, capacity 795K, committed 896K, reserved 1048576K
}
Event: 2.550 GC heap before
{Heap before GC invocations=9 (full 0):
 PSYoungGen      total 263680K, used 263671K [0x00000000d6e00000, 0x00000000e8e00000, 0x0000000100000000)
  eden space 244736K, 100% used [0x00000000d6e00000,0x00000000e5d00000,0x00000000e5d00000)
  from space 18944K, 99% used [0x00000000e7380000,0x00000000e85fdd20,0x00000000e8600000)
  to   space 23040K, 0% used [0x00000000e5d00000,0x00000000e5d00000,0x00000000e7380000)
 ParOldGen       total 84992K, used 23255K [0x0000000084a00000, 0x0000000089d00000, 0x00000000d6e00000)
  object space 84992K, 27% used [0x0000000084a00000,0x00000000860b5e48,0x0000000089d00000)
 Metaspace       used 10035K, capacity 10218K, committed 10368K, reserved 1058816K
  class space    used 1336K, capacity 1403K, committed 1408K, reserved 1048576K
Event: 2.575 GC heap after
Heap after GC invocations=9 (full 0):
 PSYoungGen      total 267776K, used 23013K [0x00000000d6e00000, 0x00000000f2c80000, 0x0000000100000000)
  eden space 244736K, 0% used [0x00000000d6e00000,0x00000000d6e00000,0x00000000e5d00000)
  from space 23040K, 99% used [0x00000000e5d00000,0x00000000e7379410,0x00000000e7380000)
  to   space 32768K, 0% used [0x00000000f0c80000,0x00000000f0c80000,0x00000000f2c80000)
 ParOldGen       total 84992K, used 39486K [0x0000000084a00000, 0x0000000089d00000, 0x00000000d6e00000)
  object space 84992K, 46% used [0x0000000084a00000,0x000000008708f9e8,0x0000000089d00000)
 Metaspace       used 10035K, capacity 10218K, committed 10368K, reserved 1058816K
  class space    used 1336K, capacity 1403K, committed 1408K, reserved 1048576K
}
Event: 3.455 GC heap before
{Heap before GC invocations=10 (full 0):
 PSYoungGen      total 267776K, used 267749K [0x00000000d6e00000, 0x00000000f2c80000, 0x0000000100000000)
  eden space 244736K, 100% used [0x00000000d6e00000,0x00000000e5d00000,0x00000000e5d00000)
  from space 23040K, 99% used [0x00000000e5d00000,0x00000000e7379410,0x00000000e7380000)
  to   space 32768K, 0% used [0x00000000f0c80000,0x00000000f0c80000,0x00000000f2c80000)
 ParOldGen       total 84992K, used 39486K [0x0000000084a00000, 0x0000000089d00000, 0x00000000d6e00000)
  object space 84992K, 46% used [0x0000000084a00000,0x000000008708f9e8,0x0000000089d00000)
 Metaspace       used 13489K, capacity 13642K, committed 13952K, reserved 1060864K
  class space    used 2006K, capacity 2055K, committed 2176K, reserved 1048576K
Event: 3.485 GC heap after
Heap after GC invocations=10 (full 0):
 PSYoungGen      total 416256K, used 32765K [0x00000000d6e00000, 0x00000000f3c80000, 0x0000000100000000)
  eden space 383488K, 0% used [0x00000000d6e00000,0x00000000d6e00000,0x00000000ee480000)
  from space 32768K, 99% used [0x00000000f0c80000,0x00000000f2c7f7b8,0x00000000f2c80000)
  to   space 40960K, 0% used [0x00000000ee480000,0x00000000ee480000,0x00000000f0c80000)
 ParOldGen       total 84992K, used 47668K [0x0000000084a00000, 0x0000000089d00000, 0x00000000d6e00000)
  object space 84992K, 56% used [0x0000000084a00000,0x000000008788d090,0x0000000089d00000)
 Metaspace       used 13489K, capacity 13642K, committed 13952K, reserved 1060864K
  class space    used 2006K, capacity 2055K, committed 2176K, reserved 1048576K
}
Event: 4.415 GC heap before
{Heap before GC invocations=11 (full 0):
 PSYoungGen      total 416256K, used 416253K [0x00000000d6e00000, 0x00000000f3c80000, 0x0000000100000000)
  eden space 383488K, 100% used [0x00000000d6e00000,0x00000000ee480000,0x00000000ee480000)
  from space 32768K, 99% used [0x00000000f0c80000,0x00000000f2c7f7b8,0x00000000f2c80000)
  to   space 40960K, 0% used [0x00000000ee480000,0x00000000ee480000,0x00000000f0c80000)
 ParOldGen       total 84992K, used 47668K [0x0000000084a00000, 0x0000000089d00000, 0x00000000d6e00000)
  object space 84992K, 56% used [0x0000000084a00000,0x000000008788d090,0x0000000089d00000)
 Metaspace       used 13508K, capacity 13642K, committed 13952K, reserved 1060864K
  class space    used 2006K, capacity 2055K, committed 2176K, reserved 1048576K
Event: 4.650 GC heap after
Heap after GC invocations=11 (full 0):
 PSYoungGen      total 424448K, used 40956K [0x00000000d6e00000, 0x0000000100000000, 0x0000000100000000)
  eden space 383488K, 0% used [0x00000000d6e00000,0x00000000d6e00000,0x00000000ee480000)
  from space 40960K, 99% used [0x00000000ee480000,0x00000000f0c7f130,0x00000000f0c80000)
  to   space 55296K, 0% used [0x00000000fca00000,0x00000000fca00000,0x0000000100000000)
 ParOldGen       total 84992K, used 69068K [0x0000000084a00000, 0x0000000089d00000, 0x00000000d6e00000)
  object space 84992K, 81% used [0x0000000084a00000,0x0000000088d730b8,0x0000000089d00000)
 Metaspace       used 13508K, capacity 13642K, committed 13952K, reserved 1060864K
  class space    used 2006K, capacity 2055K, committed 2176K, reserved 1048576K
}
Event: 4.650 GC heap before
{Heap before GC invocations=12 (full 1):
 PSYoungGen      total 424448K, used 40956K [0x00000000d6e00000, 0x0000000100000000, 0x0000000100000000)
  eden space 383488K, 0% used [0x00000000d6e00000,0x00000000d6e00000,0x00000000ee480000)
  from space 40960K, 99% used [0x00000000ee480000,0x00000000f0c7f130,0x00000000f0c80000)
  to   space 55296K, 0% used [0x00000000fca00000,0x00000000fca00000,0x0000000100000000)
 ParOldGen       total 84992K, used 69068K [0x0000000084a00000, 0x0000000089d00000, 0x00000000d6e00000)
  object space 84992K, 81% used [0x0000000084a00000,0x0000000088d730b8,0x0000000089d00000)
 Metaspace       used 13508K, capacity 13642K, committed 13952K, reserved 1060864K
  class space    used 2006K, capacity 2055K, committed 2176K, reserved 1048576K
Event: 4.869 GC heap after
Heap after GC invocations=12 (full 1):
 PSYoungGen      total 424448K, used 0K [0x00000000d6e00000, 0x0000000100000000, 0x0000000100000000)
  eden space 383488K, 0% used [0x00000000d6e00000,0x00000000d6e00000,0x00000000ee480000)
  from space 40960K, 0% used [0x00000000ee480000,0x00000000ee480000,0x00000000f0c80000)
  to   space 55296K, 0% used [0x00000000fca00000,0x00000000fca00000,0x0000000100000000)
 ParOldGen       total 124416K, used 64699K [0x0000000084a00000, 0x000000008c380000, 0x00000000d6e00000)
  object space 124416K, 52% used [0x0000000084a00000,0x000000008892ece0,0x000000008c380000)
 Metaspace       used 13508K, capacity 13642K, committed 13952K, reserved 1060864K
  class space    used 2006K, capacity 2055K, committed 2176K, reserved 1048576K
}

Deoptimization events (10 events):
Event: 6.341 Thread 0x0000019ded538000 Uncommon trap: reason=bimorphic action=maybe_recompile pc=0x0000019dd597c7a4 method=java.util.regex.Matcher.match(II)Z @ 86
Event: 6.341 Thread 0x0000019ded538000 Uncommon trap: reason=bimorphic action=maybe_recompile pc=0x0000019dd58912e8 method=java.util.regex.Pattern$Slice.match(Ljava/util/regex/Matcher;ILjava/lang/CharSequence;)Z @ 75
Event: 6.342 Thread 0x0000019ded538000 Uncommon trap: reason=bimorphic action=maybe_recompile pc=0x0000019dd597c7a4 method=java.util.regex.Matcher.match(II)Z @ 86
Event: 6.342 Thread 0x0000019ded538000 Uncommon trap: reason=bimorphic action=maybe_recompile pc=0x0000019dd597c7a4 method=java.util.regex.Matcher.match(II)Z @ 86
Event: 6.342 Thread 0x0000019ded538000 Uncommon trap: reason=bimorphic action=maybe_recompile pc=0x0000019dd5873820 method=java.util.regex.Matcher.match(II)Z @ 86
Event: 6.352 Thread 0x0000019ded538000 Uncommon trap: reason=bimorphic action=maybe_recompile pc=0x0000019dd58f5fd8 method=java.util.WeakHashMap.hash(Ljava/lang/Object;)I @ 1
Event: 6.377 Thread 0x0000019ded538000 Uncommon trap: reason=unstable_if action=reinterpret pc=0x0000019dd58b3650 method=java.util.ArrayList.isEmpty()Z @ 4
Event: 6.604 Thread 0x0000019ded538000 Uncommon trap: reason=unstable_if action=reinterpret pc=0x0000019dd5c1c2c4 method=java.util.ArrayList.indexOf(Ljava/lang/Object;)I @ 1
Event: 6.611 Thread 0x0000019ded538000 Uncommon trap: reason=unstable_if action=reinterpret pc=0x0000019dd5c06ee4 method=java.util.Arrays.equals([B[B)Z @ 2
Event: 6.834 Thread 0x0000019ded538000 Uncommon trap: reason=bimorphic action=maybe_recompile pc=0x0000019dd5b4735c method=com.google.common.collect.AbstractMapBasedMultimap.createCollection(Ljava/lang/Object;)Ljava/util/Collection; @ 1

Classes redefined (0 events):
No events

Internal exceptions (10 events):
Event: 6.627 Thread 0x0000019ded538000 Exception <a 'java/lang/IncompatibleClassChangeError': Found class java.lang.Object, but interface was expected> (0x00000000dd5f5d50) thrown at [C:\jenkins\workspace\8-2-build-windows-amd64-cygwin\jdk8u281\880\hotspot\src\share\vm\interpreter\linkResolver
Event: 6.629 Thread 0x0000019ded538000 Exception <a 'java/lang/NoSuchMethodError': java.lang.Object.lambda$or$2(Ljava/util/function/Predicate;Ljava/lang/Object;)Z> (0x00000000dd5fe948) thrown at [C:\jenkins\workspace\8-2-build-windows-amd64-cygwin\jdk8u281\880\hotspot\src\share\vm\interpreter\
Event: 6.636 Thread 0x0000019ded538000 Exception <a 'java/lang/ArrayIndexOutOfBoundsException'> (0x00000000dd657630) thrown at [C:\jenkins\workspace\8-2-build-windows-amd64-cygwin\jdk8u281\880\hotspot\src\share\vm\runtime\sharedRuntime.cpp, line 609]
Event: 6.636 Thread 0x0000019ded538000 Exception <a 'java/lang/ArrayIndexOutOfBoundsException'> (0x00000000dd658eb0) thrown at [C:\jenkins\workspace\8-2-build-windows-amd64-cygwin\jdk8u281\880\hotspot\src\share\vm\runtime\sharedRuntime.cpp, line 609]
Event: 6.637 Thread 0x0000019ded538000 Exception <a 'java/lang/ArrayIndexOutOfBoundsException'> (0x00000000dd65a3d0) thrown at [C:\jenkins\workspace\8-2-build-windows-amd64-cygwin\jdk8u281\880\hotspot\src\share\vm\runtime\sharedRuntime.cpp, line 609]
Event: 6.638 Thread 0x0000019ded538000 Exception <a 'java/lang/ArrayIndexOutOfBoundsException'> (0x00000000dd65b728) thrown at [C:\jenkins\workspace\8-2-build-windows-amd64-cygwin\jdk8u281\880\hotspot\src\share\vm\runtime\sharedRuntime.cpp, line 609]
Event: 6.638 Thread 0x0000019ded538000 Exception <a 'java/lang/ArrayIndexOutOfBoundsException'> (0x00000000dd65c9a0) thrown at [C:\jenkins\workspace\8-2-build-windows-amd64-cygwin\jdk8u281\880\hotspot\src\share\vm\runtime\sharedRuntime.cpp, line 609]
Event: 6.639 Thread 0x0000019ded538000 Exception <a 'java/lang/ArrayIndexOutOfBoundsException'> (0x00000000dd664018) thrown at [C:\jenkins\workspace\8-2-build-windows-amd64-cygwin\jdk8u281\880\hotspot\src\share\vm\runtime\sharedRuntime.cpp, line 609]
Event: 6.639 Thread 0x0000019ded538000 Exception <a 'java/lang/ArrayIndexOutOfBoundsException'> (0x00000000dd66ad90) thrown at [C:\jenkins\workspace\8-2-build-windows-amd64-cygwin\jdk8u281\880\hotspot\src\share\vm\runtime\sharedRuntime.cpp, line 609]
Event: 6.690 Thread 0x0000019ded538000 Exception <a 'java/lang/NoSuchMethodError': java.lang.Object.lambda$chars$0()Ljava/util/Spliterator$OfInt;> (0x00000000dd897ec0) thrown at [C:\jenkins\workspace\8-2-build-windows-amd64-cygwin\jdk8u281\880\hotspot\src\share\vm\interpreter\linkResolver.cpp,

Events (10 events):
Event: 6.865 loading class com/google/common/collect/ImmutableMultiset$EntrySet
Event: 6.865 loading class com/google/common/collect/ImmutableMultiset$EntrySet done
Event: 6.866 loading class com/google/common/collect/LinkedHashMultiset
Event: 6.866 loading class com/google/common/collect/LinkedHashMultiset done
Event: 6.867 loading class com/google/common/collect/AbstractMapBasedMultiset
Event: 6.867 loading class com/google/common/collect/AbstractMapBasedMultiset done
Event: 6.868 loading class com/google/common/collect/AbstractMultiset
Event: 6.868 loading class com/google/common/collect/AbstractMultiset done
Event: 6.870 loading class com/google/common/collect/Multisets
Event: 6.870 loading class com/google/common/collect/Multisets done


Dynamic libraries:
0x00007ff79e4d0000 - 0x00007ff79e517000 	C:\Program Files\Java\jdk1.8.0_281\jre\bin\java.exe
0x00007ff8f3330000 - 0x00007ff8f3525000 	C:\WINDOWS\SYSTEM32\ntdll.dll
0x00007ff8f30e0000 - 0x00007ff8f319e000 	C:\WINDOWS\System32\KERNEL32.DLL
0x00007ff8f0bb0000 - 0x00007ff8f0e79000 	C:\WINDOWS\System32\KERNELBASE.dll
0x00007ff8f2840000 - 0x00007ff8f28ec000 	C:\WINDOWS\System32\ADVAPI32.dll
0x00007ff8f2d70000 - 0x00007ff8f2e0e000 	C:\WINDOWS\System32\msvcrt.dll
0x00007ff8f13e0000 - 0x00007ff8f147b000 	C:\WINDOWS\System32\sechost.dll
0x00007ff8f2fb0000 - 0x00007ff8f30da000 	C:\WINDOWS\System32\RPCRT4.dll
0x00007ff8f2100000 - 0x00007ff8f22a1000 	C:\WINDOWS\System32\USER32.dll
0x00007ff8f10f0000 - 0x00007ff8f1112000 	C:\WINDOWS\System32\win32u.dll
0x00007ff8f31a0000 - 0x00007ff8f31cb000 	C:\WINDOWS\System32\GDI32.dll
0x00007ff8f11c0000 - 0x00007ff8f12cb000 	C:\WINDOWS\System32\gdi32full.dll
0x00007ff8f1120000 - 0x00007ff8f11bd000 	C:\WINDOWS\System32\msvcp_win.dll
0x00007ff8f0f30000 - 0x00007ff8f1030000 	C:\WINDOWS\System32\ucrtbase.dll
0x00007ff8dc0d0000 - 0x00007ff8dc36a000 	C:\WINDOWS\WinSxS\amd64_microsoft.windows.common-controls_6595b64144ccf1df_6.0.19041.1110_none_60b5254171f9507e\COMCTL32.dll
0x00007ff8f1480000 - 0x00007ff8f14b0000 	C:\WINDOWS\System32\IMM32.DLL
0x00007ff8e6300000 - 0x00007ff8e6315000 	C:\Program Files\Java\jdk1.8.0_281\jre\bin\vcruntime140.dll
0x00007ff8e6260000 - 0x00007ff8e62fb000 	C:\Program Files\Java\jdk1.8.0_281\jre\bin\msvcp140.dll
0x0000000055400000 - 0x0000000055c5f000 	C:\Program Files\Java\jdk1.8.0_281\jre\bin\server\jvm.dll
0x00007ff8f24d0000 - 0x00007ff8f24d8000 	C:\WINDOWS\System32\PSAPI.DLL
0x00007ff8e5380000 - 0x00007ff8e538a000 	C:\WINDOWS\SYSTEM32\VERSION.dll
0x00007ff8e6f70000 - 0x00007ff8e6f79000 	C:\WINDOWS\SYSTEM32\WSOCK32.dll
0x00007ff8d87b0000 - 0x00007ff8d87d7000 	C:\WINDOWS\SYSTEM32\WINMM.dll
0x00007ff8f22b0000 - 0x00007ff8f231b000 	C:\WINDOWS\System32\WS2_32.dll
0x00007ff8ef2d0000 - 0x00007ff8ef2e2000 	C:\WINDOWS\SYSTEM32\kernel.appcore.dll
0x00007ff8e8950000 - 0x00007ff8e8960000 	C:\Program Files\Java\jdk1.8.0_281\jre\bin\verify.dll
0x00007ff8e5dc0000 - 0x00007ff8e5deb000 	C:\Program Files\Java\jdk1.8.0_281\jre\bin\java.dll
0x00007ff8e6240000 - 0x00007ff8e6258000 	C:\Program Files\Java\jdk1.8.0_281\jre\bin\zip.dll
0x00007ff8f14c0000 - 0x00007ff8f1bff000 	C:\WINDOWS\System32\SHELL32.dll
0x00007ff8ee770000 - 0x00007ff8eef00000 	C:\WINDOWS\SYSTEM32\windows.storage.dll
0x00007ff8f24e0000 - 0x00007ff8f2835000 	C:\WINDOWS\System32\combase.dll
0x00007ff8f04a0000 - 0x00007ff8f04cc000 	C:\WINDOWS\SYSTEM32\Wldp.dll
0x00007ff8f2950000 - 0x00007ff8f29fd000 	C:\WINDOWS\System32\SHCORE.dll
0x00007ff8f1c00000 - 0x00007ff8f1c55000 	C:\WINDOWS\System32\shlwapi.dll
0x00007ff8f0990000 - 0x00007ff8f09af000 	C:\WINDOWS\SYSTEM32\profapi.dll
0x00007ff8e5da0000 - 0x00007ff8e5dbc000 	C:\Program Files\Java\jdk1.8.0_281\jre\bin\net.dll
0x00007ff8f0200000 - 0x00007ff8f026a000 	C:\WINDOWS\system32\mswsock.dll
0x00007ff8d9760000 - 0x00007ff8d9784000 	C:\Program Files\Java\jdk1.8.0_281\jre\bin\sunec.dll
0x00007ff8d9aa0000 - 0x00007ff8d9aad000 	C:\Program Files\Java\jdk1.8.0_281\jre\bin\sunmscapi.dll
0x00007ff8f0a50000 - 0x00007ff8f0ba6000 	C:\WINDOWS\System32\CRYPT32.dll
0x00007ff8f0510000 - 0x00007ff8f0537000 	C:\WINDOWS\SYSTEM32\ncrypt.dll
0x00007ff8f04d0000 - 0x00007ff8f050b000 	C:\WINDOWS\SYSTEM32\NTASN1.dll
0x00007ff8efea0000 - 0x00007ff8efedb000 	C:\WINDOWS\SYSTEM32\IPHLPAPI.DLL
0x00007ff8f14b0000 - 0x00007ff8f14b8000 	C:\WINDOWS\System32\NSI.dll
0x00007ff8e5390000 - 0x00007ff8e53a7000 	C:\WINDOWS\SYSTEM32\dhcpcsvc6.DLL
0x00007ff8e6020000 - 0x00007ff8e603d000 	C:\WINDOWS\SYSTEM32\dhcpcsvc.DLL
0x00007ff8efef0000 - 0x00007ff8effbc000 	C:\WINDOWS\SYSTEM32\DNSAPI.dll
0x00007ff8e5d80000 - 0x00007ff8e5d93000 	C:\Program Files\Java\jdk1.8.0_281\jre\bin\nio.dll
0x00007ff8f03f0000 - 0x00007ff8f0408000 	C:\WINDOWS\SYSTEM32\CRYPTSP.dll
0x00007ff8efb10000 - 0x00007ff8efb44000 	C:\WINDOWS\system32\rsaenh.dll
0x00007ff8f1030000 - 0x00007ff8f1057000 	C:\WINDOWS\System32\bcrypt.dll
0x00007ff8f0950000 - 0x00007ff8f097e000 	C:\WINDOWS\SYSTEM32\USERENV.dll
0x00007ff8f1060000 - 0x00007ff8f10e3000 	C:\WINDOWS\System32\bcryptprimitives.dll
0x00007ff8f0410000 - 0x00007ff8f041c000 	C:\WINDOWS\SYSTEM32\CRYPTBASE.dll
0x00007ff8ee580000 - 0x00007ff8ee764000 	C:\WINDOWS\SYSTEM32\dbghelp.dll

VM Arguments:
jvm_args: -Dfile.encoding=UTF-8 
java_command: com.thoughtworks.gauge.GaugeRuntime
java_class_path (initial): C:\Users\testinium\.jdks\openjdk-17!\java.base;C:\Users\testinium\.jdks\openjdk-17!\java.compiler;C:\Users\testinium\.jdks\openjdk-17!\java.datatransfer;C:\Users\testinium\.jdks\openjdk-17!\java.desktop;C:\Users\testinium\.jdks\openjdk-17!\java.instrument;C:\Users\testinium\.jdks\openjdk-17!\java.logging;C:\Users\testinium\.jdks\openjdk-17!\java.management;C:\Users\testinium\.jdks\openjdk-17!\java.management.rmi;C:\Users\testinium\.jdks\openjdk-17!\java.naming;C:\Users\testinium\.jdks\openjdk-17!\java.net.http;C:\Users\testinium\.jdks\openjdk-17!\java.prefs;C:\Users\testinium\.jdks\openjdk-17!\java.rmi;C:\Users\testinium\.jdks\openjdk-17!\java.scripting;C:\Users\testinium\.jdks\openjdk-17!\java.se;C:\Users\testinium\.jdks\openjdk-17!\java.security.jgss;C:\Users\testinium\.jdks\openjdk-17!\java.security.sasl;C:\Users\testinium\.jdks\openjdk-17!\java.smartcardio;C:\Users\testinium\.jdks\openjdk-17!\java.sql;C:\Users\testinium\.jdks\openjdk-17!\java.sql.rowset;C:\Users\testinium\.jdks\openjdk-17!\java.transaction.xa;C:\Users\testinium\.jdks\openjdk-17!\java.xml;C:\Users\testinium\.jdks\openjdk-17!\java.xml.crypto;C:\Users\testinium\.jdks\openjdk-17!\jdk.accessibility;C:\Users\testinium\.jdks\openjdk-17!\jdk.attach;C:\Users\testinium\.jdks\openjdk-17!\jdk.charsets;C:\Users\testinium\.jdks\openjdk-17!\jdk.compiler;C:\Users\testinium\.jdks\openjdk-17!\jdk.crypto.cryptoki;C:\Users\testinium\.jdks\openjdk-17!\jdk.crypto.ec;C:\Users\testinium\.jdks\openjdk-17!\jdk.crypto.mscapi;C:\Users\testinium\.jdks\openjdk-17!\jdk.dynalink;C:\Users\testinium\.jdks\openjdk-17!\jdk.editpad;C:\Users\testinium\.jdks\openjdk-17!\jdk.hotspot.agent;C:\Users\testinium\.jdks\openjdk-17!\jdk.httpserver;C:\Users\testinium\.jdks\openjdk-17!\jdk.incubator.foreign;C:\Users\testinium\.jdks\openjdk-17!\jdk.incubator.vector;C:\Users\testinium\.jdks\openjdk-17!\jdk.internal.ed;C:\Users\testinium\.jdks\openjdk-17!\jdk.internal.jvmstat;C:\Users\testinium\.jdks\openjdk-17!\jdk.in
Launcher Type: SUN_STANDARD

Environment Variables:
JAVA_HOME=C:\Program Files\Java\jdk1.8.0_281
PATH=C:\Program Files (x86)\Common Files\Oracle\Java\javapath;C:\Windows\system32;C:\Windows;C:\Windows\System32\Wbem;C:\Windows\System32\WindowsPowerShell\v1.0\;C:\Windows\System32\OpenSSH\;C:\Program Files\NVIDIA Corporation\NVIDIA NvDLISR;C:\Program Files\nodejs\;C:\Program Files\Java\jdk1.8.0_281\bin;C:\WINDOWS\system32;C:\WINDOWS;C:\WINDOWS\System32\Wbem;C:\WINDOWS\System32\WindowsPowerShell\v1.0\;C:\WINDOWS\System32\OpenSSH\;C:\Program Files\Git\cmd;C:\Program Files\Gauge\bin;C:\Program Files\Java\jdk1.8.0_281\bin;C:\Program Files\maven\bin;C:\Users\testinium\AppData\Local\Android\Sdk\platform-tools;C:\Users\testinium\AppData\Local\Android\Sdk\tools;C:\Users\testinium\AppData\Local\Android\Sdk\build-tools;C:\Program Files (x86)\Micro Focus\Unified Functional Testing\bin;C:\Users\testinium\AppData\Local\Microsoft\WindowsApps;C:\Users\testinium\AppData\Local\GitHubDesktop\bin;C:\Users\testinium\AppData\Roaming\npm;;C:\Users\testinium\AppData\Roaming\gauge\plugins\screenshot\0.0.1
USERNAME=testinium
OS=Windows_NT
PROCESSOR_IDENTIFIER=Intel64 Family 6 Model 140 Stepping 1, GenuineIntel



---------------  S Y S T E M  ---------------

OS: Windows 10.0 , 64 bit Build 19041 (10.0.19041.1202)

CPU:total 8 (initial active 8) (4 cores per cpu, 2 threads per core) family 6 model 140 stepping 1, cmov, cx8, fxsr, mmx, sse, sse2, sse3, ssse3, sse4.1, sse4.2, popcnt, avx, avx2, aes, clmul, erms, 3dnowpref, lzcnt, ht, tsc, tscinvbit, bmi1, bmi2, adx

Memory: 4k page, physical 8083572k(195736k free), swap 33249396k(2928k free)

vm_info: Java HotSpot(TM) 64-Bit Server VM (25.281-b09) for windows-amd64 JRE (1.8.0_281-b09), built on Dec  9 2020 13:54:07 by "" with MS VC++ 15.9 (VS2017)

time: Sat Oct 30 17:25:20 2021
timezone: Turkey Standard Time
elapsed time: 6.902548 seconds (0d 0h 0m 6s)

