#
# There is insufficient memory for the Java Runtime Environment to continue.
# Native memory allocation (malloc) failed to allocate 942336 bytes for Chunk::new
# Possible reasons:
#   The system is out of physical RAM or swap space
#   The process is running with CompressedOops enabled, and the Java Heap may be blocking the growth of the native heap
# Possible solutions:
#   Reduce memory load on the system
#   Increase physical memory or swap space
#   Check if swap backing store is full
#   Decrease Java heap size (-Xmx/-Xms)
#   Decrease number of Java threads
#   Decrease Java thread stack sizes (-Xss)
#   Set larger code cache with -XX:ReservedCodeCacheSize=
#   JVM is running with Unscaled Compressed Oops mode in which the Java heap is
#     placed in the first 4GB address space. The Java Heap base address is the
#     maximum limit for the native heap growth. Please use -XX:HeapBaseMinAddress
#     to set the Java Heap base and to place the Java Heap above 4GB virtual address.
# This output file may be truncated or incomplete.
#
#  Out of Memory Error (allocation.cpp:389), pid=14220, tid=0x000000000000232c
#
# JRE version: Java(TM) SE Runtime Environment (8.0_281-b09) (build 1.8.0_281-b09)
# Java VM: Java HotSpot(TM) 64-Bit Server VM (25.281-b09 mixed mode windows-amd64 compressed oops)
# Failed to write core dump. Minidumps are not enabled by default on client versions of Windows
#

---------------  T H R E A D  ---------------

Current thread (0x00000295fab0d000):  JavaThread "C2 CompilerThread0" daemon [_thread_in_native, id=9004, stack(0x000000fe6d600000,0x000000fe6d700000)]

Stack: [0x000000fe6d600000,0x000000fe6d700000]
Native frames: (J=compiled Java code, j=interpreted, Vv=VM code, C=native code)
V  [jvm.dll+0x32e5b9]
V  [jvm.dll+0x275012]
V  [jvm.dll+0x275cbd]
V  [jvm.dll+0x26c6f5]
V  [jvm.dll+0xd51fc]
V  [jvm.dll+0xd59fc]
V  [jvm.dll+0x4523f2]
V  [jvm.dll+0x48d85d]
V  [jvm.dll+0x441d19]
V  [jvm.dll+0x43f664]
V  [jvm.dll+0x42a5e7]
V  [jvm.dll+0xabe9b]
V  [jvm.dll+0xaa4fb]
V  [jvm.dll+0x23d6b2]
V  [jvm.dll+0x291cbc]
C  [ucrtbase.dll+0x21bb2]
C  [KERNEL32.DLL+0x17034]
C  [ntdll.dll+0x52651]


Current CompileTask:
C2:   6662 2046       4       java.net.URLClassLoader$1::run (5 bytes)


---------------  P R O C E S S  ---------------

Java Threads: ( => current thread )
  0x00000295fdadd000 JavaThread "ForkJoinPool.commonPool-worker-3" daemon [_thread_blocked, id=18580, stack(0x000000fe6df00000,0x000000fe6e000000)]
  0x00000295fd5ab000 JavaThread "ForkJoinPool.commonPool-worker-2" daemon [_thread_blocked, id=12748, stack(0x000000fe6de00000,0x000000fe6df00000)]
  0x00000295fcb81000 JavaThread "ForkJoinPool.commonPool-worker-1" daemon [_thread_blocked, id=16700, stack(0x000000fe6dd00000,0x000000fe6de00000)]
  0x00000295fe606000 JavaThread "Forwarding newSession on session null to remote" [_thread_in_native, id=8036, stack(0x000000fe6dc00000,0x000000fe6dd00000)]
  0x00000295fab6e000 JavaThread "Service Thread" daemon [_thread_blocked, id=17580, stack(0x000000fe6da00000,0x000000fe6db00000)]
  0x00000295fab26000 JavaThread "C1 CompilerThread3" daemon [_thread_blocked, id=3012, stack(0x000000fe6d900000,0x000000fe6da00000)]
  0x00000295fab20000 JavaThread "C2 CompilerThread2" daemon [_thread_blocked, id=1564, stack(0x000000fe6d800000,0x000000fe6d900000)]
  0x00000295fab11000 JavaThread "C2 CompilerThread1" daemon [_thread_blocked, id=8072, stack(0x000000fe6d700000,0x000000fe6d800000)]
=>0x00000295fab0d000 JavaThread "C2 CompilerThread0" daemon [_thread_in_native, id=9004, stack(0x000000fe6d600000,0x000000fe6d700000)]
  0x00000295fab0b000 JavaThread "Attach Listener" daemon [_thread_blocked, id=8432, stack(0x000000fe6d500000,0x000000fe6d600000)]
  0x00000295fab0a000 JavaThread "Signal Dispatcher" daemon [_thread_blocked, id=7312, stack(0x000000fe6d400000,0x000000fe6d500000)]
  0x00000295faae5000 JavaThread "Finalizer" daemon [_thread_blocked, id=7580, stack(0x000000fe6d300000,0x000000fe6d400000)]
  0x00000295faade000 JavaThread "Reference Handler" daemon [_thread_blocked, id=5168, stack(0x000000fe6d200000,0x000000fe6d300000)]
  0x00000295e4b18000 JavaThread "main" [_thread_blocked, id=13700, stack(0x000000fe6c800000,0x000000fe6c900000)]

Other Threads:
  0x00000295faab4000 VMThread [stack: 0x000000fe6d100000,0x000000fe6d200000] [id=20296]
  0x00000295fab36800 WatcherThread [stack: 0x000000fe6db00000,0x000000fe6dc00000] [id=7832]

VM state:at safepoint (normal execution)

VM Mutex/Monitor currently owned by a thread:  ([mutex/lock_event])
[0x00000295e4aed430] Threads_lock - owner thread: 0x00000295faab4000
[0x00000295e4afc110] Compile_lock - owner thread: 0x00000295fe606000

heap address: 0x0000000084a00000, size: 1974 MB, Compressed Oops mode: 32-bit
Narrow klass base: 0x0000000000000000, Narrow klass shift: 3
Compressed class space size: 1073741824 Address: 0x0000000100000000

Heap:
 PSYoungGen      total 424448K, used 126577K [0x00000000d6e00000, 0x00000000f3c80000, 0x0000000100000000)
  eden space 383488K, 33% used [0x00000000d6e00000,0x00000000de99c498,0x00000000ee480000)
  from space 40960K, 0% used [0x00000000ee480000,0x00000000ee480000,0x00000000f0c80000)
  to   space 32768K, 0% used [0x00000000f0c80000,0x00000000f0c80000,0x00000000f2c80000)
 ParOldGen       total 120320K, used 64688K [0x0000000084a00000, 0x000000008bf80000, 0x00000000d6e00000)
  object space 120320K, 53% used [0x0000000084a00000,0x000000008892c028,0x000000008bf80000)
 Metaspace       used 20916K, capacity 21602K, committed 21888K, reserved 1069056K
  class space    used 2945K, capacity 3141K, committed 3200K, reserved 1048576K

Card table byte_map: [0x00000295f5830000,0x00000295f5c10000] byte_map_base: 0x00000295f540b000

Marking Bits: (ParMarkBitMap*) 0x0000000055be6ff0
 Begin Bits: [0x00000295f5eb0000, 0x00000295f7d88000)
 End Bits:   [0x00000295f7d88000, 0x00000295f9c60000)

Polling page: 0x00000295e4c70000

CodeCache: size=245760Kb used=7927Kb max_used=7940Kb free=237832Kb
 bounds [0x00000295e6470000, 0x00000295e6c40000, 0x00000295f5470000]
 total_blobs=2404 nmethods=2017 adapters=299
 compilation: enabled

Compilation events (10 events):
Event: 6.629 Thread 0x00000295fab26000 2121       3       org.openqa.selenium.json.JsonOutput$$Lambda$103/557833422::apply (5 bytes)
Event: 6.630 Thread 0x00000295fab26000 nmethod 2121 0x00000295e6c2d810 code [0x00000295e6c2d980, 0x00000295e6c2db10]
Event: 6.630 Thread 0x00000295fab26000 2122       3       org.openqa.selenium.json.JsonOutput::lambda$asString$31 (36 bytes)
Event: 6.630 Thread 0x00000295fab20000 nmethod 2126 0x00000295e6c30850 code [0x00000295e6c30980, 0x00000295e6c30a38]
Event: 6.631 Thread 0x00000295fab26000 nmethod 2122 0x00000295e6c32cd0 code [0x00000295e6c32f40, 0x00000295e6c33f90]
Event: 6.631 Thread 0x00000295fab11000 nmethod 2113 0x00000295e6c348d0 code [0x00000295e6c34a60, 0x00000295e6c354e8]
Event: 6.631 Thread 0x00000295fab26000 2123       3       com.google.common.collect.ImmutableMap::getOrDefault (16 bytes)
Event: 6.631 Thread 0x00000295fab26000 nmethod 2123 0x00000295e6c32850 code [0x00000295e6c329c0, 0x00000295e6c32c30]
Event: 6.631 Thread 0x00000295fab26000 2125       1       java.util.stream.ReferencePipeline$StatelessOp::opIsStateful (2 bytes)
Event: 6.631 Thread 0x00000295fab26000 nmethod 2125 0x00000295e6c32590 code [0x00000295e6c326e0, 0x00000295e6c327f8]

GC Heap History (10 events):
Event: 1.903 GC heap before
{Heap before GC invocations=8 (full 0):
 PSYoungGen      total 137216K, used 137184K [0x00000000d6e00000, 0x00000000e8600000, 0x0000000100000000)
  eden space 124416K, 100% used [0x00000000d6e00000,0x00000000de780000,0x00000000de780000)
  from space 12800K, 99% used [0x00000000de780000,0x00000000df3f82f0,0x00000000df400000)
  to   space 18944K, 0% used [0x00000000e7380000,0x00000000e7380000,0x00000000e8600000)
 ParOldGen       total 84992K, used 21116K [0x0000000084a00000, 0x0000000089d00000, 0x00000000d6e00000)
  object space 84992K, 24% used [0x0000000084a00000,0x0000000085e9f050,0x0000000089d00000)
 Metaspace       used 6799K, capacity 6922K, committed 7040K, reserved 1056768K
  class space    used 731K, capacity 795K, committed 896K, reserved 1048576K
Event: 1.917 GC heap after
Heap after GC invocations=8 (full 0):
 PSYoungGen      total 263680K, used 18924K [0x00000000d6e00000, 0x00000000e8e00000, 0x0000000100000000)
  eden space 244736K, 0% used [0x00000000d6e00000,0x00000000d6e00000,0x00000000e5d00000)
  from space 18944K, 99% used [0x00000000e7380000,0x00000000e85fb288,0x00000000e8600000)
  to   space 23040K, 0% used [0x00000000e5d00000,0x00000000e5d00000,0x00000000e7380000)
 ParOldGen       total 84992K, used 23219K [0x0000000084a00000, 0x0000000089d00000, 0x00000000d6e00000)
  object space 84992K, 27% used [0x0000000084a00000,0x00000000860accd0,0x0000000089d00000)
 Metaspace       used 6799K, capacity 6922K, committed 7040K, reserved 1056768K
  class space    used 731K, capacity 795K, committed 896K, reserved 1048576K
}
Event: 2.741 GC heap before
{Heap before GC invocations=9 (full 0):
 PSYoungGen      total 263680K, used 263660K [0x00000000d6e00000, 0x00000000e8e00000, 0x0000000100000000)
  eden space 244736K, 100% used [0x00000000d6e00000,0x00000000e5d00000,0x00000000e5d00000)
  from space 18944K, 99% used [0x00000000e7380000,0x00000000e85fb288,0x00000000e8600000)
  to   space 23040K, 0% used [0x00000000e5d00000,0x00000000e5d00000,0x00000000e7380000)
 ParOldGen       total 84992K, used 23219K [0x0000000084a00000, 0x0000000089d00000, 0x00000000d6e00000)
  object space 84992K, 27% used [0x0000000084a00000,0x00000000860accd0,0x0000000089d00000)
 Metaspace       used 10057K, capacity 10218K, committed 10368K, reserved 1058816K
  class space    used 1339K, capacity 1403K, committed 1408K, reserved 1048576K
Event: 2.772 GC heap after
Heap after GC invocations=9 (full 0):
 PSYoungGen      total 267776K, used 23022K [0x00000000d6e00000, 0x00000000f2c80000, 0x0000000100000000)
  eden space 244736K, 0% used [0x00000000d6e00000,0x00000000d6e00000,0x00000000e5d00000)
  from space 23040K, 99% used [0x00000000e5d00000,0x00000000e737bb00,0x00000000e7380000)
  to   space 32768K, 0% used [0x00000000f0c80000,0x00000000f0c80000,0x00000000f2c80000)
 ParOldGen       total 84992K, used 39260K [0x0000000084a00000, 0x0000000089d00000, 0x00000000d6e00000)
  object space 84992K, 46% used [0x0000000084a00000,0x00000000870571c0,0x0000000089d00000)
 Metaspace       used 10057K, capacity 10218K, committed 10368K, reserved 1058816K
  class space    used 1339K, capacity 1403K, committed 1408K, reserved 1048576K
}
Event: 4.001 GC heap before
{Heap before GC invocations=10 (full 0):
 PSYoungGen      total 267776K, used 267758K [0x00000000d6e00000, 0x00000000f2c80000, 0x0000000100000000)
  eden space 244736K, 100% used [0x00000000d6e00000,0x00000000e5d00000,0x00000000e5d00000)
  from space 23040K, 99% used [0x00000000e5d00000,0x00000000e737bb00,0x00000000e7380000)
  to   space 32768K, 0% used [0x00000000f0c80000,0x00000000f0c80000,0x00000000f2c80000)
 ParOldGen       total 84992K, used 39260K [0x0000000084a00000, 0x0000000089d00000, 0x00000000d6e00000)
  object space 84992K, 46% used [0x0000000084a00000,0x00000000870571c0,0x0000000089d00000)
 Metaspace       used 13491K, capacity 13642K, committed 13952K, reserved 1060864K
  class space    used 2006K, capacity 2055K, committed 2176K, reserved 1048576K
Event: 4.027 GC heap after
Heap after GC invocations=10 (full 0):
 PSYoungGen      total 416256K, used 32742K [0x00000000d6e00000, 0x00000000f3c80000, 0x0000000100000000)
  eden space 383488K, 0% used [0x00000000d6e00000,0x00000000d6e00000,0x00000000ee480000)
  from space 32768K, 99% used [0x00000000f0c80000,0x00000000f2c79ac0,0x00000000f2c80000)
  to   space 40960K, 0% used [0x00000000ee480000,0x00000000ee480000,0x00000000f0c80000)
 ParOldGen       total 84992K, used 47025K [0x0000000084a00000, 0x0000000089d00000, 0x00000000d6e00000)
  object space 84992K, 55% used [0x0000000084a00000,0x00000000877ec6d8,0x0000000089d00000)
 Metaspace       used 13491K, capacity 13642K, committed 13952K, reserved 1060864K
  class space    used 2006K, capacity 2055K, committed 2176K, reserved 1048576K
}
Event: 4.758 GC heap before
{Heap before GC invocations=11 (full 0):
 PSYoungGen      total 416256K, used 416230K [0x00000000d6e00000, 0x00000000f3c80000, 0x0000000100000000)
  eden space 383488K, 100% used [0x00000000d6e00000,0x00000000ee480000,0x00000000ee480000)
  from space 32768K, 99% used [0x00000000f0c80000,0x00000000f2c79ac0,0x00000000f2c80000)
  to   space 40960K, 0% used [0x00000000ee480000,0x00000000ee480000,0x00000000f0c80000)
 ParOldGen       total 84992K, used 47025K [0x0000000084a00000, 0x0000000089d00000, 0x00000000d6e00000)
  object space 84992K, 55% used [0x0000000084a00000,0x00000000877ec6d8,0x0000000089d00000)
 Metaspace       used 13510K, capacity 13642K, committed 13952K, reserved 1060864K
  class space    used 2006K, capacity 2055K, committed 2176K, reserved 1048576K
Event: 4.825 GC heap after
Heap after GC invocations=11 (full 0):
 PSYoungGen      total 424448K, used 40933K [0x00000000d6e00000, 0x00000000f3c80000, 0x0000000100000000)
  eden space 383488K, 0% used [0x00000000d6e00000,0x00000000d6e00000,0x00000000ee480000)
  from space 40960K, 99% used [0x00000000ee480000,0x00000000f0c794f0,0x00000000f0c80000)
  to   space 32768K, 0% used [0x00000000f0c80000,0x00000000f0c80000,0x00000000f2c80000)
 ParOldGen       total 84992K, used 68640K [0x0000000084a00000, 0x0000000089d00000, 0x00000000d6e00000)
  object space 84992K, 80% used [0x0000000084a00000,0x0000000088d08208,0x0000000089d00000)
 Metaspace       used 13510K, capacity 13642K, committed 13952K, reserved 1060864K
  class space    used 2006K, capacity 2055K, committed 2176K, reserved 1048576K
}
Event: 4.825 GC heap before
{Heap before GC invocations=12 (full 1):
 PSYoungGen      total 424448K, used 40933K [0x00000000d6e00000, 0x00000000f3c80000, 0x0000000100000000)
  eden space 383488K, 0% used [0x00000000d6e00000,0x00000000d6e00000,0x00000000ee480000)
  from space 40960K, 99% used [0x00000000ee480000,0x00000000f0c794f0,0x00000000f0c80000)
  to   space 32768K, 0% used [0x00000000f0c80000,0x00000000f0c80000,0x00000000f2c80000)
 ParOldGen       total 84992K, used 68640K [0x0000000084a00000, 0x0000000089d00000, 0x00000000d6e00000)
  object space 84992K, 80% used [0x0000000084a00000,0x0000000088d08208,0x0000000089d00000)
 Metaspace       used 13510K, capacity 13642K, committed 13952K, reserved 1060864K
  class space    used 2006K, capacity 2055K, committed 2176K, reserved 1048576K
Event: 4.875 GC heap after
Heap after GC invocations=12 (full 1):
 PSYoungGen      total 424448K, used 0K [0x00000000d6e00000, 0x00000000f3c80000, 0x0000000100000000)
  eden space 383488K, 0% used [0x00000000d6e00000,0x00000000d6e00000,0x00000000ee480000)
  from space 40960K, 0% used [0x00000000ee480000,0x00000000ee480000,0x00000000f0c80000)
  to   space 32768K, 0% used [0x00000000f0c80000,0x00000000f0c80000,0x00000000f2c80000)
 ParOldGen       total 120320K, used 64688K [0x0000000084a00000, 0x000000008bf80000, 0x00000000d6e00000)
  object space 120320K, 53% used [0x0000000084a00000,0x000000008892c028,0x000000008bf80000)
 Metaspace       used 13510K, capacity 13642K, committed 13952K, reserved 1060864K
  class space    used 2006K, capacity 2055K, committed 2176K, reserved 1048576K
}

Deoptimization events (10 events):
Event: 5.924 Thread 0x00000295fe606000 Uncommon trap: reason=bimorphic action=maybe_recompile pc=0x00000295e678faa0 method=java.util.regex.Matcher.match(II)Z @ 86
Event: 5.924 Thread 0x00000295fe606000 Uncommon trap: reason=bimorphic action=maybe_recompile pc=0x00000295e67adce8 method=java.util.regex.Pattern$Slice.match(Ljava/util/regex/Matcher;ILjava/lang/CharSequence;)Z @ 75
Event: 5.924 Thread 0x00000295fe606000 Uncommon trap: reason=bimorphic action=maybe_recompile pc=0x00000295e678faa0 method=java.util.regex.Matcher.match(II)Z @ 86
Event: 5.924 Thread 0x00000295fe606000 Uncommon trap: reason=bimorphic action=maybe_recompile pc=0x00000295e678faa0 method=java.util.regex.Matcher.match(II)Z @ 86
Event: 5.933 Thread 0x00000295fe606000 Uncommon trap: reason=bimorphic action=maybe_recompile pc=0x00000295e687a118 method=java.util.WeakHashMap.hash(Ljava/lang/Object;)I @ 1
Event: 5.987 Thread 0x00000295fe606000 Uncommon trap: reason=unstable_if action=reinterpret pc=0x00000295e67630d0 method=java.util.ArrayList.isEmpty()Z @ 4
Event: 6.281 Thread 0x00000295fe606000 Uncommon trap: reason=unstable_if action=reinterpret pc=0x00000295e6b4a754 method=java.util.ArrayList.indexOf(Ljava/lang/Object;)I @ 1
Event: 6.294 Thread 0x00000295fe606000 Uncommon trap: reason=unstable_if action=reinterpret pc=0x00000295e6b81ce4 method=java.util.Arrays.equals([B[B)Z @ 2
Event: 6.515 Thread 0x00000295fe606000 Uncommon trap: reason=class_check action=maybe_recompile pc=0x00000295e6ae31dc method=java.util.regex.Pattern$Curly.match0(Ljava/util/regex/Matcher;IILjava/lang/CharSequence;)Z @ 77
Event: 6.515 Thread 0x00000295fe606000 Uncommon trap: reason=class_check action=maybe_recompile pc=0x00000295e6ae31dc method=java.util.regex.Pattern$Curly.match0(Ljava/util/regex/Matcher;IILjava/lang/CharSequence;)Z @ 77

Classes redefined (0 events):
No events

Internal exceptions (10 events):
Event: 6.399 Thread 0x00000295fe606000 Exception <a 'java/lang/IncompatibleClassChangeError': Found class java.lang.Object, but interface was expected> (0x00000000dd673958) thrown at [C:\jenkins\workspace\8-2-build-windows-amd64-cygwin\jdk8u281\880\hotspot\src\share\vm\interpreter\linkResolver
Event: 6.409 Thread 0x00000295fe606000 Exception <a 'java/lang/NoSuchMethodError': java.lang.Object.lambda$or$2(Ljava/util/function/Predicate;Ljava/lang/Object;)Z> (0x00000000dd67c570) thrown at [C:\jenkins\workspace\8-2-build-windows-amd64-cygwin\jdk8u281\880\hotspot\src\share\vm\interpreter\
Event: 6.452 Thread 0x00000295fe606000 Exception <a 'java/lang/ArrayIndexOutOfBoundsException'> (0x00000000dd6d5258) thrown at [C:\jenkins\workspace\8-2-build-windows-amd64-cygwin\jdk8u281\880\hotspot\src\share\vm\runtime\sharedRuntime.cpp, line 609]
Event: 6.465 Thread 0x00000295fe606000 Exception <a 'java/lang/ArrayIndexOutOfBoundsException'> (0x00000000dd6d6ad8) thrown at [C:\jenkins\workspace\8-2-build-windows-amd64-cygwin\jdk8u281\880\hotspot\src\share\vm\runtime\sharedRuntime.cpp, line 609]
Event: 6.469 Thread 0x00000295fe606000 Exception <a 'java/lang/ArrayIndexOutOfBoundsException'> (0x00000000dd6d7ff8) thrown at [C:\jenkins\workspace\8-2-build-windows-amd64-cygwin\jdk8u281\880\hotspot\src\share\vm\runtime\sharedRuntime.cpp, line 609]
Event: 6.479 Thread 0x00000295fe606000 Exception <a 'java/lang/ArrayIndexOutOfBoundsException'> (0x00000000dd6d9350) thrown at [C:\jenkins\workspace\8-2-build-windows-amd64-cygwin\jdk8u281\880\hotspot\src\share\vm\runtime\sharedRuntime.cpp, line 609]
Event: 6.479 Thread 0x00000295fe606000 Exception <a 'java/lang/ArrayIndexOutOfBoundsException'> (0x00000000dd6da5c8) thrown at [C:\jenkins\workspace\8-2-build-windows-amd64-cygwin\jdk8u281\880\hotspot\src\share\vm\runtime\sharedRuntime.cpp, line 609]
Event: 6.480 Thread 0x00000295fe606000 Exception <a 'java/lang/ArrayIndexOutOfBoundsException'> (0x00000000dd6e1c40) thrown at [C:\jenkins\workspace\8-2-build-windows-amd64-cygwin\jdk8u281\880\hotspot\src\share\vm\runtime\sharedRuntime.cpp, line 609]
Event: 6.481 Thread 0x00000295fe606000 Exception <a 'java/lang/ArrayIndexOutOfBoundsException'> (0x00000000dd6e89b8) thrown at [C:\jenkins\workspace\8-2-build-windows-amd64-cygwin\jdk8u281\880\hotspot\src\share\vm\runtime\sharedRuntime.cpp, line 609]
Event: 6.548 Thread 0x00000295fe606000 Exception <a 'java/lang/NoSuchMethodError': java.lang.Object.lambda$chars$0()Ljava/util/Spliterator$OfInt;> (0x00000000dd915b00) thrown at [C:\jenkins\workspace\8-2-build-windows-amd64-cygwin\jdk8u281\880\hotspot\src\share\vm\interpreter\linkResolver.cpp,

Events (10 events):
Event: 6.630 loading class org/openqa/selenium/remote/InitialHandshakeResponse
Event: 6.630 loading class org/openqa/selenium/remote/InitialHandshakeResponse done
Event: 6.631 loading class org/openqa/selenium/remote/http/HttpRequest
Event: 6.631 loading class org/openqa/selenium/remote/http/HttpRequest done
Event: 6.631 loading class com/google/common/collect/ArrayListMultimap
Event: 6.631 loading class com/google/common/collect/ArrayListMultimap done
Event: 6.632 loading class com/google/common/collect/ArrayListMultimapGwtSerializationDependencies
Event: 6.632 loading class com/google/common/collect/ArrayListMultimapGwtSerializationDependencies done
Event: 6.632 loading class com/google/common/collect/AbstractListMultimap
Event: 6.632 loading class com/google/common/collect/AbstractListMultimap done


Dynamic libraries:
0x00007ff7d1b50000 - 0x00007ff7d1b97000 	C:\Program Files\Java\jdk1.8.0_281\jre\bin\java.exe
0x00007ff8f3330000 - 0x00007ff8f3525000 	C:\WINDOWS\SYSTEM32\ntdll.dll
0x00007ff8f30e0000 - 0x00007ff8f319e000 	C:\WINDOWS\System32\KERNEL32.DLL
0x00007ff8f0bb0000 - 0x00007ff8f0e79000 	C:\WINDOWS\System32\KERNELBASE.dll
0x00007ff8f2840000 - 0x00007ff8f28ec000 	C:\WINDOWS\System32\ADVAPI32.dll
0x00007ff8f2d70000 - 0x00007ff8f2e0e000 	C:\WINDOWS\System32\msvcrt.dll
0x00007ff8f13e0000 - 0x00007ff8f147b000 	C:\WINDOWS\System32\sechost.dll
0x00007ff8f2fb0000 - 0x00007ff8f30da000 	C:\WINDOWS\System32\RPCRT4.dll
0x00007ff8f2100000 - 0x00007ff8f22a1000 	C:\WINDOWS\System32\USER32.dll
0x00007ff8f10f0000 - 0x00007ff8f1112000 	C:\WINDOWS\System32\win32u.dll
0x00007ff8f31a0000 - 0x00007ff8f31cb000 	C:\WINDOWS\System32\GDI32.dll
0x00007ff8f11c0000 - 0x00007ff8f12cb000 	C:\WINDOWS\System32\gdi32full.dll
0x00007ff8f1120000 - 0x00007ff8f11bd000 	C:\WINDOWS\System32\msvcp_win.dll
0x00007ff8f0f30000 - 0x00007ff8f1030000 	C:\WINDOWS\System32\ucrtbase.dll
0x00007ff8dc0d0000 - 0x00007ff8dc36a000 	C:\WINDOWS\WinSxS\amd64_microsoft.windows.common-controls_6595b64144ccf1df_6.0.19041.1110_none_60b5254171f9507e\COMCTL32.dll
0x00007ff8f1480000 - 0x00007ff8f14b0000 	C:\WINDOWS\System32\IMM32.DLL
0x00007ff8e6300000 - 0x00007ff8e6315000 	C:\Program Files\Java\jdk1.8.0_281\jre\bin\vcruntime140.dll
0x00007ff8e6260000 - 0x00007ff8e62fb000 	C:\Program Files\Java\jdk1.8.0_281\jre\bin\msvcp140.dll
0x0000000055400000 - 0x0000000055c5f000 	C:\Program Files\Java\jdk1.8.0_281\jre\bin\server\jvm.dll
0x00007ff8f24d0000 - 0x00007ff8f24d8000 	C:\WINDOWS\System32\PSAPI.DLL
0x00007ff8e5380000 - 0x00007ff8e538a000 	C:\WINDOWS\SYSTEM32\VERSION.dll
0x00007ff8e6f70000 - 0x00007ff8e6f79000 	C:\WINDOWS\SYSTEM32\WSOCK32.dll
0x00007ff8d87b0000 - 0x00007ff8d87d7000 	C:\WINDOWS\SYSTEM32\WINMM.dll
0x00007ff8f22b0000 - 0x00007ff8f231b000 	C:\WINDOWS\System32\WS2_32.dll
0x00007ff8ef2d0000 - 0x00007ff8ef2e2000 	C:\WINDOWS\SYSTEM32\kernel.appcore.dll
0x00007ff8e8950000 - 0x00007ff8e8960000 	C:\Program Files\Java\jdk1.8.0_281\jre\bin\verify.dll
0x00007ff8e5dc0000 - 0x00007ff8e5deb000 	C:\Program Files\Java\jdk1.8.0_281\jre\bin\java.dll
0x00007ff8e6240000 - 0x00007ff8e6258000 	C:\Program Files\Java\jdk1.8.0_281\jre\bin\zip.dll
0x00007ff8f14c0000 - 0x00007ff8f1bff000 	C:\WINDOWS\System32\SHELL32.dll
0x00007ff8ee770000 - 0x00007ff8eef00000 	C:\WINDOWS\SYSTEM32\windows.storage.dll
0x00007ff8f24e0000 - 0x00007ff8f2835000 	C:\WINDOWS\System32\combase.dll
0x00007ff8f04a0000 - 0x00007ff8f04cc000 	C:\WINDOWS\SYSTEM32\Wldp.dll
0x00007ff8f2950000 - 0x00007ff8f29fd000 	C:\WINDOWS\System32\SHCORE.dll
0x00007ff8f1c00000 - 0x00007ff8f1c55000 	C:\WINDOWS\System32\shlwapi.dll
0x00007ff8f0990000 - 0x00007ff8f09af000 	C:\WINDOWS\SYSTEM32\profapi.dll
0x00007ff8e5da0000 - 0x00007ff8e5dbc000 	C:\Program Files\Java\jdk1.8.0_281\jre\bin\net.dll
0x00007ff8f0200000 - 0x00007ff8f026a000 	C:\WINDOWS\system32\mswsock.dll
0x00007ff8d7cb0000 - 0x00007ff8d7cd4000 	C:\Program Files\Java\jdk1.8.0_281\jre\bin\sunec.dll
0x00007ff8d9aa0000 - 0x00007ff8d9aad000 	C:\Program Files\Java\jdk1.8.0_281\jre\bin\sunmscapi.dll
0x00007ff8f0a50000 - 0x00007ff8f0ba6000 	C:\WINDOWS\System32\CRYPT32.dll
0x00007ff8f0510000 - 0x00007ff8f0537000 	C:\WINDOWS\SYSTEM32\ncrypt.dll
0x00007ff8f04d0000 - 0x00007ff8f050b000 	C:\WINDOWS\SYSTEM32\NTASN1.dll
0x00007ff8efea0000 - 0x00007ff8efedb000 	C:\WINDOWS\SYSTEM32\IPHLPAPI.DLL
0x00007ff8f14b0000 - 0x00007ff8f14b8000 	C:\WINDOWS\System32\NSI.dll
0x00007ff8e5390000 - 0x00007ff8e53a7000 	C:\WINDOWS\SYSTEM32\dhcpcsvc6.DLL
0x00007ff8e6020000 - 0x00007ff8e603d000 	C:\WINDOWS\SYSTEM32\dhcpcsvc.DLL
0x00007ff8efef0000 - 0x00007ff8effbc000 	C:\WINDOWS\SYSTEM32\DNSAPI.dll
0x00007ff8e5d80000 - 0x00007ff8e5d93000 	C:\Program Files\Java\jdk1.8.0_281\jre\bin\nio.dll
0x00007ff8f03f0000 - 0x00007ff8f0408000 	C:\WINDOWS\SYSTEM32\CRYPTSP.dll
0x00007ff8efb10000 - 0x00007ff8efb44000 	C:\WINDOWS\system32\rsaenh.dll
0x00007ff8f1030000 - 0x00007ff8f1057000 	C:\WINDOWS\System32\bcrypt.dll
0x00007ff8f0950000 - 0x00007ff8f097e000 	C:\WINDOWS\SYSTEM32\USERENV.dll
0x00007ff8f1060000 - 0x00007ff8f10e3000 	C:\WINDOWS\System32\bcryptprimitives.dll
0x00007ff8f0410000 - 0x00007ff8f041c000 	C:\WINDOWS\SYSTEM32\CRYPTBASE.dll
0x00007ff8ee580000 - 0x00007ff8ee764000 	C:\WINDOWS\SYSTEM32\dbghelp.dll

VM Arguments:
jvm_args: -Dfile.encoding=UTF-8 
java_command: com.thoughtworks.gauge.GaugeRuntime
java_class_path (initial): C:\Users\testinium\.jdks\openjdk-17!\java.base;C:\Users\testinium\.jdks\openjdk-17!\java.compiler;C:\Users\testinium\.jdks\openjdk-17!\java.datatransfer;C:\Users\testinium\.jdks\openjdk-17!\java.desktop;C:\Users\testinium\.jdks\openjdk-17!\java.instrument;C:\Users\testinium\.jdks\openjdk-17!\java.logging;C:\Users\testinium\.jdks\openjdk-17!\java.management;C:\Users\testinium\.jdks\openjdk-17!\java.management.rmi;C:\Users\testinium\.jdks\openjdk-17!\java.naming;C:\Users\testinium\.jdks\openjdk-17!\java.net.http;C:\Users\testinium\.jdks\openjdk-17!\java.prefs;C:\Users\testinium\.jdks\openjdk-17!\java.rmi;C:\Users\testinium\.jdks\openjdk-17!\java.scripting;C:\Users\testinium\.jdks\openjdk-17!\java.se;C:\Users\testinium\.jdks\openjdk-17!\java.security.jgss;C:\Users\testinium\.jdks\openjdk-17!\java.security.sasl;C:\Users\testinium\.jdks\openjdk-17!\java.smartcardio;C:\Users\testinium\.jdks\openjdk-17!\java.sql;C:\Users\testinium\.jdks\openjdk-17!\java.sql.rowset;C:\Users\testinium\.jdks\openjdk-17!\java.transaction.xa;C:\Users\testinium\.jdks\openjdk-17!\java.xml;C:\Users\testinium\.jdks\openjdk-17!\java.xml.crypto;C:\Users\testinium\.jdks\openjdk-17!\jdk.accessibility;C:\Users\testinium\.jdks\openjdk-17!\jdk.attach;C:\Users\testinium\.jdks\openjdk-17!\jdk.charsets;C:\Users\testinium\.jdks\openjdk-17!\jdk.compiler;C:\Users\testinium\.jdks\openjdk-17!\jdk.crypto.cryptoki;C:\Users\testinium\.jdks\openjdk-17!\jdk.crypto.ec;C:\Users\testinium\.jdks\openjdk-17!\jdk.crypto.mscapi;C:\Users\testinium\.jdks\openjdk-17!\jdk.dynalink;C:\Users\testinium\.jdks\openjdk-17!\jdk.editpad;C:\Users\testinium\.jdks\openjdk-17!\jdk.hotspot.agent;C:\Users\testinium\.jdks\openjdk-17!\jdk.httpserver;C:\Users\testinium\.jdks\openjdk-17!\jdk.incubator.foreign;C:\Users\testinium\.jdks\openjdk-17!\jdk.incubator.vector;C:\Users\testinium\.jdks\openjdk-17!\jdk.internal.ed;C:\Users\testinium\.jdks\openjdk-17!\jdk.internal.jvmstat;C:\Users\testinium\.jdks\openjdk-17!\jdk.in
Launcher Type: SUN_STANDARD

Environment Variables:
JAVA_HOME=C:\Program Files\Java\jdk1.8.0_281
PATH=C:\Program Files (x86)\Common Files\Oracle\Java\javapath;C:\Windows\system32;C:\Windows;C:\Windows\System32\Wbem;C:\Windows\System32\WindowsPowerShell\v1.0\;C:\Windows\System32\OpenSSH\;C:\Program Files\NVIDIA Corporation\NVIDIA NvDLISR;C:\Program Files\nodejs\;C:\Program Files\Java\jdk1.8.0_281\bin;C:\WINDOWS\system32;C:\WINDOWS;C:\WINDOWS\System32\Wbem;C:\WINDOWS\System32\WindowsPowerShell\v1.0\;C:\WINDOWS\System32\OpenSSH\;C:\Program Files\Git\cmd;C:\Program Files\Gauge\bin;C:\Program Files\Java\jdk1.8.0_281\bin;C:\Program Files\maven\bin;C:\Users\testinium\AppData\Local\Android\Sdk\platform-tools;C:\Users\testinium\AppData\Local\Android\Sdk\tools;C:\Users\testinium\AppData\Local\Android\Sdk\build-tools;C:\Program Files (x86)\Micro Focus\Unified Functional Testing\bin;C:\Users\testinium\AppData\Local\Microsoft\WindowsApps;C:\Users\testinium\AppData\Local\GitHubDesktop\bin;C:\Users\testinium\AppData\Roaming\npm;;C:\Users\testinium\AppData\Roaming\gauge\plugins\screenshot\0.0.1
USERNAME=testinium
OS=Windows_NT
PROCESSOR_IDENTIFIER=Intel64 Family 6 Model 140 Stepping 1, GenuineIntel



---------------  S Y S T E M  ---------------

OS: Windows 10.0 , 64 bit Build 19041 (10.0.19041.1202)

CPU:total 8 (initial active 8) (4 cores per cpu, 2 threads per core) family 6 model 140 stepping 1, cmov, cx8, fxsr, mmx, sse, sse2, sse3, ssse3, sse4.1, sse4.2, popcnt, avx, avx2, aes, clmul, erms, 3dnowpref, lzcnt, ht, tsc, tscinvbit, bmi1, bmi2, adx

Memory: 4k page, physical 8083572k(486656k free), swap 33249396k(4472k free)

vm_info: Java HotSpot(TM) 64-Bit Server VM (25.281-b09) for windows-amd64 JRE (1.8.0_281-b09), built on Dec  9 2020 13:54:07 by "" with MS VC++ 15.9 (VS2017)

time: Sat Oct 30 17:34:29 2021
timezone: Turkey Standard Time
elapsed time: 6.667951 seconds (0d 0h 0m 6s)

